

Started GET "/" for 127.0.0.1 at 2017-07-04 18:25:53 +0200

ActiveRecord::PendingMigrationError (

Migrations are pending. To resolve this issue, run:

	bin/rake db:migrate RAILS_ENV=development

):
  activerecord (4.2.6) lib/active_record/migration.rb:392:in `check_pending!'
  activerecord (4.2.6) lib/active_record/migration.rb:373:in `call'
  actionpack (4.2.6) lib/action_dispatch/middleware/callbacks.rb:29:in `block in call'
  activesupport (4.2.6) lib/active_support/callbacks.rb:88:in `__run_callbacks__'
  activesupport (4.2.6) lib/active_support/callbacks.rb:778:in `_run_call_callbacks'
  activesupport (4.2.6) lib/active_support/callbacks.rb:81:in `run_callbacks'
  actionpack (4.2.6) lib/action_dispatch/middleware/callbacks.rb:27:in `call'
  actionpack (4.2.6) lib/action_dispatch/middleware/reloader.rb:73:in `call'
  actionpack (4.2.6) lib/action_dispatch/middleware/remote_ip.rb:78:in `call'
  actionpack (4.2.6) lib/action_dispatch/middleware/debug_exceptions.rb:17:in `call'
  web-console (2.3.0) lib/web_console/middleware.rb:28:in `block in call'
  web-console (2.3.0) lib/web_console/middleware.rb:18:in `catch'
  web-console (2.3.0) lib/web_console/middleware.rb:18:in `call'
  actionpack (4.2.6) lib/action_dispatch/middleware/show_exceptions.rb:30:in `call'
  railties (4.2.6) lib/rails/rack/logger.rb:38:in `call_app'
  railties (4.2.6) lib/rails/rack/logger.rb:20:in `block in call'
  activesupport (4.2.6) lib/active_support/tagged_logging.rb:68:in `block in tagged'
  activesupport (4.2.6) lib/active_support/tagged_logging.rb:26:in `tagged'
  activesupport (4.2.6) lib/active_support/tagged_logging.rb:68:in `tagged'
  railties (4.2.6) lib/rails/rack/logger.rb:20:in `call'
  actionpack (4.2.6) lib/action_dispatch/middleware/request_id.rb:21:in `call'
  rack (1.6.4) lib/rack/methodoverride.rb:22:in `call'
  rack (1.6.4) lib/rack/runtime.rb:18:in `call'
  activesupport (4.2.6) lib/active_support/cache/strategy/local_cache_middleware.rb:28:in `call'
  rack (1.6.4) lib/rack/lock.rb:17:in `call'
  actionpack (4.2.6) lib/action_dispatch/middleware/static.rb:120:in `call'
  rack (1.6.4) lib/rack/sendfile.rb:113:in `call'
  railties (4.2.6) lib/rails/engine.rb:518:in `call'
  railties (4.2.6) lib/rails/application.rb:165:in `call'
  rack (1.6.4) lib/rack/lock.rb:17:in `call'
  rack (1.6.4) lib/rack/content_length.rb:15:in `call'
  rack (1.6.4) lib/rack/handler/webrick.rb:88:in `service'
  /home/sergio/.rvm/rubies/ruby-2.3.0/lib/ruby/2.3.0/webrick/httpserver.rb:140:in `service'
  /home/sergio/.rvm/rubies/ruby-2.3.0/lib/ruby/2.3.0/webrick/httpserver.rb:96:in `run'
  /home/sergio/.rvm/rubies/ruby-2.3.0/lib/ruby/2.3.0/webrick/server.rb:296:in `block in start_thread'


  Rendered /home/sergio/.rvm/gems/ruby-2.3.0/gems/actionpack-4.2.6/lib/action_dispatch/middleware/templates/rescues/_source.erb (1.8ms)
  Rendered /home/sergio/.rvm/gems/ruby-2.3.0/gems/actionpack-4.2.6/lib/action_dispatch/middleware/templates/rescues/_trace.html.erb (1.2ms)
  Rendered /home/sergio/.rvm/gems/ruby-2.3.0/gems/actionpack-4.2.6/lib/action_dispatch/middleware/templates/rescues/_request_and_response.html.erb (0.8ms)
  Rendered /home/sergio/.rvm/gems/ruby-2.3.0/gems/actionpack-4.2.6/lib/action_dispatch/middleware/templates/rescues/diagnostics.html.erb within rescues/layout (331.6ms)
  Rendered /home/sergio/.rvm/gems/ruby-2.3.0/gems/web-console-2.3.0/lib/web_console/templates/_markup.html.erb (0.4ms)
  Rendered /home/sergio/.rvm/gems/ruby-2.3.0/gems/web-console-2.3.0/lib/web_console/templates/_inner_console_markup.html.erb within layouts/inlined_string (0.3ms)
  Rendered /home/sergio/.rvm/gems/ruby-2.3.0/gems/web-console-2.3.0/lib/web_console/templates/_prompt_box_markup.html.erb within layouts/inlined_string (0.3ms)
  Rendered /home/sergio/.rvm/gems/ruby-2.3.0/gems/web-console-2.3.0/lib/web_console/templates/style.css.erb within layouts/inlined_string (0.4ms)
  Rendered /home/sergio/.rvm/gems/ruby-2.3.0/gems/web-console-2.3.0/lib/web_console/templates/console.js.erb within layouts/javascript (264.2ms)
  Rendered /home/sergio/.rvm/gems/ruby-2.3.0/gems/web-console-2.3.0/lib/web_console/templates/main.js.erb within layouts/javascript (0.3ms)
  Rendered /home/sergio/.rvm/gems/ruby-2.3.0/gems/web-console-2.3.0/lib/web_console/templates/error_page.js.erb within layouts/javascript (0.4ms)
  Rendered /home/sergio/.rvm/gems/ruby-2.3.0/gems/web-console-2.3.0/lib/web_console/templates/index.html.erb (639.6ms)
  [1m[36m (21.7ms)[0m  [1mCREATE TABLE "schema_migrations" ("version" varchar NOT NULL) [0m
  [1m[35m (0.1ms)[0m  select sqlite_version(*)
  [1m[36m (13.6ms)[0m  [1mCREATE UNIQUE INDEX "unique_schema_migrations" ON "schema_migrations" ("version")[0m
  [1m[35mActiveRecord::SchemaMigration Load (0.3ms)[0m  SELECT "schema_migrations".* FROM "schema_migrations"
Migrating to CreateMovies (20150809022253)
  [1m[36m (0.2ms)[0m  [1mbegin transaction[0m
DEPRECATION WARNING: `#timestamps` was called without specifying an option for `null`. In Rails 5, this behavior will change to `null: false`. You should manually specify `null: true` to prevent the behavior of your existing migrations from changing. (called from block in change at /mnt/c/Ruby/HW-Course/hw3-rails-intro/db/migrate/20150809022253_create_movies.rb:10)
  [1m[35m (9.1ms)[0m  CREATE TABLE "movies" ("id" INTEGER PRIMARY KEY AUTOINCREMENT NOT NULL, "title" varchar, "rating" varchar, "description" text, "release_date" datetime, "created_at" datetime, "updated_at" datetime) 
  [1m[36mSQL (0.6ms)[0m  [1mINSERT INTO "schema_migrations" ("version") VALUES (?)[0m  [["version", "20150809022253"]]
  [1m[35m (47.4ms)[0m  commit transaction
  [1m[36mActiveRecord::SchemaMigration Load (0.3ms)[0m  [1mSELECT "schema_migrations".* FROM "schema_migrations"[0m
  [1m[36mActiveRecord::SchemaMigration Load (0.3ms)[0m  [1mSELECT "schema_migrations".* FROM "schema_migrations"[0m
  [1m[35m (0.2ms)[0m  begin transaction
  [1m[36mSQL (9.1ms)[0m  [1mINSERT INTO "movies" ("title", "rating", "release_date", "created_at", "updated_at") VALUES (?, ?, ?, ?, ?)[0m  [["title", "Aladdin"], ["rating", "G"], ["release_date", "1992-11-25 00:00:00.000000"], ["created_at", "2017-07-04 16:27:27.466111"], ["updated_at", "2017-07-04 16:27:27.466111"]]
  [1m[35m (45.2ms)[0m  commit transaction
  [1m[36m (0.2ms)[0m  [1mbegin transaction[0m
  [1m[35mSQL (8.0ms)[0m  INSERT INTO "movies" ("title", "rating", "release_date", "created_at", "updated_at") VALUES (?, ?, ?, ?, ?)  [["title", "The Terminator"], ["rating", "R"], ["release_date", "1984-10-26 00:00:00.000000"], ["created_at", "2017-07-04 16:27:27.572659"], ["updated_at", "2017-07-04 16:27:27.572659"]]
  [1m[36m (34.0ms)[0m  [1mcommit transaction[0m
  [1m[35m (0.2ms)[0m  begin transaction
  [1m[36mSQL (7.9ms)[0m  [1mINSERT INTO "movies" ("title", "rating", "release_date", "created_at", "updated_at") VALUES (?, ?, ?, ?, ?)[0m  [["title", "When Harry Met Sally"], ["rating", "R"], ["release_date", "1989-07-21 00:00:00.000000"], ["created_at", "2017-07-04 16:27:27.619374"], ["updated_at", "2017-07-04 16:27:27.619374"]]
  [1m[35m (43.2ms)[0m  commit transaction
  [1m[36m (0.2ms)[0m  [1mbegin transaction[0m
  [1m[35mSQL (8.0ms)[0m  INSERT INTO "movies" ("title", "rating", "release_date", "created_at", "updated_at") VALUES (?, ?, ?, ?, ?)  [["title", "The Help"], ["rating", "PG-13"], ["release_date", "2011-08-10 00:00:00.000000"], ["created_at", "2017-07-04 16:27:27.675178"], ["updated_at", "2017-07-04 16:27:27.675178"]]
  [1m[36m (38.1ms)[0m  [1mcommit transaction[0m
  [1m[35m (0.2ms)[0m  begin transaction
  [1m[36mSQL (7.9ms)[0m  [1mINSERT INTO "movies" ("title", "rating", "release_date", "created_at", "updated_at") VALUES (?, ?, ?, ?, ?)[0m  [["title", "Chocolat"], ["rating", "PG-13"], ["release_date", "2001-01-05 00:00:00.000000"], ["created_at", "2017-07-04 16:27:27.726197"], ["updated_at", "2017-07-04 16:27:27.726197"]]
  [1m[35m (38.2ms)[0m  commit transaction
  [1m[36m (0.1ms)[0m  [1mbegin transaction[0m
  [1m[35mSQL (7.9ms)[0m  INSERT INTO "movies" ("title", "rating", "release_date", "created_at", "updated_at") VALUES (?, ?, ?, ?, ?)  [["title", "Amelie"], ["rating", "R"], ["release_date", "2001-04-25 00:00:00.000000"], ["created_at", "2017-07-04 16:27:27.777032"], ["updated_at", "2017-07-04 16:27:27.777032"]]
  [1m[36m (42.8ms)[0m  [1mcommit transaction[0m
  [1m[35m (0.2ms)[0m  begin transaction
  [1m[36mSQL (7.8ms)[0m  [1mINSERT INTO "movies" ("title", "rating", "release_date", "created_at", "updated_at") VALUES (?, ?, ?, ?, ?)[0m  [["title", "2001: A Space Odyssey"], ["rating", "G"], ["release_date", "1968-04-06 00:00:00.000000"], ["created_at", "2017-07-04 16:27:27.832348"], ["updated_at", "2017-07-04 16:27:27.832348"]]
  [1m[35m (39.0ms)[0m  commit transaction
  [1m[36m (0.2ms)[0m  [1mbegin transaction[0m
  [1m[35mSQL (8.0ms)[0m  INSERT INTO "movies" ("title", "rating", "release_date", "created_at", "updated_at") VALUES (?, ?, ?, ?, ?)  [["title", "The Incredibles"], ["rating", "PG"], ["release_date", "2004-11-05 00:00:00.000000"], ["created_at", "2017-07-04 16:27:27.884000"], ["updated_at", "2017-07-04 16:27:27.884000"]]
  [1m[36m (41.9ms)[0m  [1mcommit transaction[0m
  [1m[35m (0.2ms)[0m  begin transaction
  [1m[36mSQL (7.9ms)[0m  [1mINSERT INTO "movies" ("title", "rating", "release_date", "created_at", "updated_at") VALUES (?, ?, ?, ?, ?)[0m  [["title", "Raiders of the Lost Ark"], ["rating", "PG"], ["release_date", "1981-06-12 00:00:00.000000"], ["created_at", "2017-07-04 16:27:27.938842"], ["updated_at", "2017-07-04 16:27:27.938842"]]
  [1m[35m (42.4ms)[0m  commit transaction
  [1m[36m (0.2ms)[0m  [1mbegin transaction[0m
  [1m[35mSQL (8.1ms)[0m  INSERT INTO "movies" ("title", "rating", "release_date", "created_at", "updated_at") VALUES (?, ?, ?, ?, ?)  [["title", "Chicken Run"], ["rating", "G"], ["release_date", "2000-06-21 00:00:00.000000"], ["created_at", "2017-07-04 16:27:27.993979"], ["updated_at", "2017-07-04 16:27:27.993979"]]
  [1m[36m (43.4ms)[0m  [1mcommit transaction[0m


Started GET "/" for 127.0.0.1 at 2017-07-04 18:28:00 +0200
  [1m[36mActiveRecord::SchemaMigration Load (0.3ms)[0m  [1mSELECT "schema_migrations".* FROM "schema_migrations"[0m
Processing by MoviesController#index as HTML
  [1m[35mMovie Load (1.3ms)[0m  SELECT DISTINCT "movies"."rating" FROM "movies"
  [1m[36mMovie Load (0.4ms)[0m  [1mSELECT "movies".* FROM "movies"[0m
  Rendered movies/index.html.haml within layouts/application (18.5ms)
Completed 200 OK in 3391ms (Views: 3267.1ms | ActiveRecord: 4.5ms)


Started GET "/movies?asc=true&order_by=title" for 127.0.0.1 at 2017-07-04 18:28:08 +0200
Processing by MoviesController#index as HTML
  Parameters: {"asc"=>"true", "order_by"=>"title"}
  [1m[35mMovie Load (0.6ms)[0m  SELECT DISTINCT "movies"."rating" FROM "movies"
  [1m[36mMovie Load (0.6ms)[0m  [1mSELECT "movies".* FROM "movies"  ORDER BY title asc[0m
  Rendered movies/index.html.haml within layouts/application (10.9ms)
Completed 200 OK in 76ms (Views: 71.9ms | ActiveRecord: 1.3ms)


Started GET "/movies?asc=true&order_by=title" for 127.0.0.1 at 2017-07-04 18:28:09 +0200
Processing by MoviesController#index as HTML
  Parameters: {"asc"=>"true", "order_by"=>"title"}
  [1m[35mMovie Load (0.5ms)[0m  SELECT DISTINCT "movies"."rating" FROM "movies"
  [1m[36mMovie Load (0.5ms)[0m  [1mSELECT "movies".* FROM "movies"  ORDER BY title asc[0m
  Rendered movies/index.html.haml within layouts/application (8.1ms)
Completed 200 OK in 74ms (Views: 70.9ms | ActiveRecord: 1.0ms)


Started GET "/movies?asc=true&order_by=release_date" for 127.0.0.1 at 2017-07-04 18:28:10 +0200
Processing by MoviesController#index as HTML
  Parameters: {"asc"=>"true", "order_by"=>"release_date"}
  [1m[35mMovie Load (0.5ms)[0m  SELECT DISTINCT "movies"."rating" FROM "movies"
  [1m[36mMovie Load (0.5ms)[0m  [1mSELECT "movies".* FROM "movies"  ORDER BY release_date asc[0m
  Rendered movies/index.html.haml within layouts/application (6.7ms)
Completed 200 OK in 68ms (Views: 64.7ms | ActiveRecord: 0.9ms)


Started GET "/movies?asc=true&order_by=title" for 127.0.0.1 at 2017-07-04 18:28:13 +0200
Processing by MoviesController#index as HTML
  Parameters: {"asc"=>"true", "order_by"=>"title"}
  [1m[35mMovie Load (0.6ms)[0m  SELECT DISTINCT "movies"."rating" FROM "movies"
  [1m[36mMovie Load (0.5ms)[0m  [1mSELECT "movies".* FROM "movies"  ORDER BY title asc[0m
  Rendered movies/index.html.haml within layouts/application (6.8ms)
Completed 200 OK in 64ms (Views: 61.3ms | ActiveRecord: 1.0ms)


Started GET "/movies/new" for 127.0.0.1 at 2017-07-04 18:28:18 +0200
Processing by MoviesController#new as HTML
  Rendered movies/new.html.haml within layouts/application (143.5ms)
Completed 200 OK in 248ms (Views: 247.6ms | ActiveRecord: 0.0ms)


Started GET "/" for 127.0.0.1 at 2017-07-04 18:29:54 +0200
  [1m[36mActiveRecord::SchemaMigration Load (0.3ms)[0m  [1mSELECT "schema_migrations".* FROM "schema_migrations"[0m
Processing by MoviesController#index as HTML
  [1m[35mMovie Load (0.6ms)[0m  SELECT DISTINCT "movies"."rating" FROM "movies"
  [1m[36mMovie Load (0.4ms)[0m  [1mSELECT "movies".* FROM "movies"[0m
  Rendered movies/index.html.haml within layouts/application (21.1ms)
Completed 200 OK in 971ms (Views: 926.4ms | ActiveRecord: 1.9ms)


Started GET "/movies?asc=true&order_by=title" for 127.0.0.1 at 2017-07-04 18:29:58 +0200
Processing by MoviesController#index as HTML
  Parameters: {"asc"=>"true", "order_by"=>"title"}
  [1m[35mMovie Load (0.5ms)[0m  SELECT DISTINCT "movies"."rating" FROM "movies"
  [1m[36mMovie Load (0.5ms)[0m  [1mSELECT "movies".* FROM "movies"  ORDER BY title asc[0m
  Rendered movies/index.html.haml within layouts/application (6.7ms)
Completed 200 OK in 58ms (Views: 55.8ms | ActiveRecord: 0.9ms)


Started GET "/movies?asc=true&order_by=release_date" for 127.0.0.1 at 2017-07-04 18:30:01 +0200
Processing by MoviesController#index as HTML
  Parameters: {"asc"=>"true", "order_by"=>"release_date"}
  [1m[35mMovie Load (0.5ms)[0m  SELECT DISTINCT "movies"."rating" FROM "movies"
  [1m[36mMovie Load (0.6ms)[0m  [1mSELECT "movies".* FROM "movies"  ORDER BY release_date asc[0m
  Rendered movies/index.html.haml within layouts/application (5.3ms)
Completed 200 OK in 89ms (Views: 86.1ms | ActiveRecord: 1.1ms)
  [1m[36m (19.1ms)[0m  [1mCREATE TABLE "movies" ("id" INTEGER PRIMARY KEY AUTOINCREMENT NOT NULL, "title" varchar, "rating" varchar, "description" text, "release_date" datetime, "created_at" datetime, "updated_at" datetime) [0m
  [1m[35m (13.5ms)[0m  CREATE TABLE "schema_migrations" ("version" varchar NOT NULL) 
  [1m[36m (0.4ms)[0m  [1mselect sqlite_version(*)[0m
  [1m[35m (13.4ms)[0m  CREATE UNIQUE INDEX "unique_schema_migrations" ON "schema_migrations" ("version")
  [1m[36m (0.3ms)[0m  [1mSELECT version FROM "schema_migrations"[0m
  [1m[35m (32.0ms)[0m  INSERT INTO "schema_migrations" (version) VALUES ('20150809022253')


Started GET "/movies?asc=true&order_by=release_date" for 127.0.0.1 at 2017-07-04 23:34:54 +0200
  [1m[36mActiveRecord::SchemaMigration Load (0.3ms)[0m  [1mSELECT "schema_migrations".* FROM "schema_migrations"[0m
Processing by MoviesController#index as HTML
  Parameters: {"asc"=>"true", "order_by"=>"release_date"}
  [1m[35mMovie Load (0.5ms)[0m  SELECT DISTINCT "movies"."rating" FROM "movies"
  [1m[36mMovie Load (0.5ms)[0m  [1mSELECT "movies".* FROM "movies"  ORDER BY release_date asc[0m
  Rendered movies/index.html.haml within layouts/application (22.0ms)
Completed 200 OK in 1046ms (Views: 1000.4ms | ActiveRecord: 2.1ms)


Started GET "/" for 127.0.0.1 at 2017-07-04 23:34:57 +0200
Processing by MoviesController#index as HTML
  [1m[35mMovie Load (1.2ms)[0m  SELECT DISTINCT "movies"."rating" FROM "movies"
  [1m[36mMovie Load (0.4ms)[0m  [1mSELECT "movies".* FROM "movies"[0m
  Rendered movies/index.html.haml within layouts/application (4.6ms)
Completed 200 OK in 59ms (Views: 55.6ms | ActiveRecord: 1.6ms)


Started POST "/movies/search_tmdb" for 127.0.0.1 at 2017-07-04 23:35:08 +0200
Processing by MoviesController#search_tmdb as HTML
  Parameters: {"utf8"=>"✓", "authenticity_token"=>"nNUPZ5lVzrtp8Z9CuZxiNOU0YoKjIl1r+nWQQVm81ygUFBa3Ir9CrIGui/7/oh5kgJw/LjDNCps5DmRmoUFs/w==", "search_terms"=>"Movie That Does Not Exists", "commit"=>"Search TMDb"}
Redirected to http://localhost:3000/movies
Completed 302 Found in 1ms (ActiveRecord: 0.0ms)


Started GET "/movies" for 127.0.0.1 at 2017-07-04 23:35:08 +0200
Processing by MoviesController#index as HTML
  [1m[35mMovie Load (0.6ms)[0m  SELECT DISTINCT "movies"."rating" FROM "movies"
  [1m[36mMovie Load (0.4ms)[0m  [1mSELECT "movies".* FROM "movies"[0m
  Rendered movies/index.html.haml within layouts/application (4.6ms)
Completed 200 OK in 54ms (Views: 51.6ms | ActiveRecord: 0.9ms)


Started GET "/" for 127.0.0.1 at 2017-07-24 22:14:46 +0200
  [1m[36mActiveRecord::SchemaMigration Load (0.1ms)[0m  [1mSELECT "schema_migrations".* FROM "schema_migrations"[0m
Processing by MoviesController#index as HTML
  [1m[35mMovie Load (0.1ms)[0m  SELECT DISTINCT "movies"."rating" FROM "movies"
  [1m[36mMovie Load (0.2ms)[0m  [1mSELECT "movies".* FROM "movies"[0m
  Rendered movies/index.html.haml within layouts/application (12.9ms)
Completed 200 OK in 266ms (Views: 255.0ms | ActiveRecord: 0.5ms)


Started GET "/assets/default.self-e82978ef49ea698764a1b1110d0a45fd55b9c768494902d3d9ee6fe7658e51e0.css?body=1" for 127.0.0.1 at 2017-07-24 22:14:46 +0200


Started GET "/assets/application.self-e80e8f2318043e8af94dddc2adad5a4f09739a8ebb323b3ab31cd71d45fd9113.css?body=1" for 127.0.0.1 at 2017-07-24 22:14:46 +0200


Started GET "/assets/jquery.self-660adc51e0224b731d29f575a6f1ec167ba08ad06ed5deca4f1e8654c135bf4c.js?body=1" for 127.0.0.1 at 2017-07-24 22:14:46 +0200


Started GET "/assets/jquery_ujs.self-e87806d0cf4489aeb1bb7288016024e8de67fd18db693fe026fe3907581e53cd.js?body=1" for 127.0.0.1 at 2017-07-24 22:14:46 +0200


Started GET "/assets/turbolinks.self-c37727e9bd6b2735da5c311aa83fead54ed0be6cc8bd9a65309e9c5abe2cbfff.js?body=1" for 127.0.0.1 at 2017-07-24 22:14:46 +0200


Started GET "/assets/application.self-3b8dabdc891efe46b9a144b400ad69e37d7e5876bdc39dee783419a69d7ca819.js?body=1" for 127.0.0.1 at 2017-07-24 22:14:46 +0200


Started POST "/movies/search_tmdb" for 127.0.0.1 at 2017-07-24 22:14:49 +0200
Processing by MoviesController#search_tmdb as HTML
  Parameters: {"utf8"=>"✓", "authenticity_token"=>"1+VxULLynrO2Qwhlbe4kGCILmTc0uyXXw0nmtG5j9R60JATns4CjNhorlOTEAMqpfab26Lbr1FLFEA5qzO2KVQ==", "search_terms"=>"", "commit"=>"Search TMDb"}
Completed 500 Internal Server Error in 10ms (ActiveRecord: 0.0ms)

NoMethodError (undefined method `find_in_tmdb' for #<Class:0x000000028f5f00>
Did you mean?  find_in_batches):
  app/controllers/movies_controller.rb:89:in `search_tmdb'


  Rendered /home/sergio/.rvm/gems/ruby-2.3.0/gems/actionpack-4.2.6/lib/action_dispatch/middleware/templates/rescues/_source.erb (2.6ms)
  Rendered /home/sergio/.rvm/gems/ruby-2.3.0/gems/actionpack-4.2.6/lib/action_dispatch/middleware/templates/rescues/_trace.html.erb (1.4ms)
  Rendered /home/sergio/.rvm/gems/ruby-2.3.0/gems/actionpack-4.2.6/lib/action_dispatch/middleware/templates/rescues/_request_and_response.html.erb (0.6ms)
  Rendered /home/sergio/.rvm/gems/ruby-2.3.0/gems/actionpack-4.2.6/lib/action_dispatch/middleware/templates/rescues/diagnostics.html.erb within rescues/layout (15.7ms)
  Rendered /home/sergio/.rvm/gems/ruby-2.3.0/gems/web-console-2.3.0/lib/web_console/templates/_markup.html.erb (0.3ms)
  Rendered /home/sergio/.rvm/gems/ruby-2.3.0/gems/web-console-2.3.0/lib/web_console/templates/_inner_console_markup.html.erb within layouts/inlined_string (0.2ms)
  Rendered /home/sergio/.rvm/gems/ruby-2.3.0/gems/web-console-2.3.0/lib/web_console/templates/_prompt_box_markup.html.erb within layouts/inlined_string (0.2ms)
  Rendered /home/sergio/.rvm/gems/ruby-2.3.0/gems/web-console-2.3.0/lib/web_console/templates/style.css.erb within layouts/inlined_string (0.2ms)
  Rendered /home/sergio/.rvm/gems/ruby-2.3.0/gems/web-console-2.3.0/lib/web_console/templates/console.js.erb within layouts/javascript (15.2ms)
  Rendered /home/sergio/.rvm/gems/ruby-2.3.0/gems/web-console-2.3.0/lib/web_console/templates/main.js.erb within layouts/javascript (0.2ms)
  Rendered /home/sergio/.rvm/gems/ruby-2.3.0/gems/web-console-2.3.0/lib/web_console/templates/error_page.js.erb within layouts/javascript (0.3ms)
  Rendered /home/sergio/.rvm/gems/ruby-2.3.0/gems/web-console-2.3.0/lib/web_console/templates/index.html.erb (30.9ms)


Started GET "/movies?utf8=%E2%9C%93&ratings%5BG%5D=1&ratings%5BR%5D=1&ratings%5BPG-13%5D=1&ratings%5BPG%5D=1&commit=Refresh" for 127.0.0.1 at 2017-07-24 22:14:57 +0200
Processing by MoviesController#index as HTML
  Parameters: {"utf8"=>"✓", "ratings"=>{"G"=>"1", "R"=>"1", "PG-13"=>"1", "PG"=>"1"}, "commit"=>"Refresh"}
  [1m[35mMovie Load (0.2ms)[0m  SELECT DISTINCT "movies"."rating" FROM "movies"
  [1m[36mMovie Load (0.2ms)[0m  [1mSELECT "movies".* FROM "movies" WHERE "movies"."rating" IN ('G', 'R', 'PG-13', 'PG')[0m
  Rendered movies/index.html.haml within layouts/application (3.3ms)
Completed 200 OK in 16ms (Views: 11.3ms | ActiveRecord: 0.4ms)


Started GET "/movies?utf8=%E2%9C%93&ratings%5BG%5D=1&ratings%5BR%5D=1&ratings%5BPG-13%5D=1&commit=Refresh" for 127.0.0.1 at 2017-07-24 22:14:58 +0200
Processing by MoviesController#index as HTML
  Parameters: {"utf8"=>"✓", "ratings"=>{"G"=>"1", "R"=>"1", "PG-13"=>"1"}, "commit"=>"Refresh"}
  [1m[35mMovie Load (0.2ms)[0m  SELECT DISTINCT "movies"."rating" FROM "movies"
  [1m[36mMovie Load (0.2ms)[0m  [1mSELECT "movies".* FROM "movies" WHERE "movies"."rating" IN ('G', 'R', 'PG-13')[0m
  Rendered movies/index.html.haml within layouts/application (2.8ms)
Completed 200 OK in 31ms (Views: 29.3ms | ActiveRecord: 0.3ms)


Started GET "/movies?utf8=%E2%9C%93&ratings%5BG%5D=1&ratings%5BR%5D=1&ratings%5BPG-13%5D=1&ratings%5BPG%5D=1&commit=Refresh" for 127.0.0.1 at 2017-07-24 22:15:00 +0200
Processing by MoviesController#index as HTML
  Parameters: {"utf8"=>"✓", "ratings"=>{"G"=>"1", "R"=>"1", "PG-13"=>"1", "PG"=>"1"}, "commit"=>"Refresh"}
  [1m[35mMovie Load (0.2ms)[0m  SELECT DISTINCT "movies"."rating" FROM "movies"
  [1m[36mMovie Load (0.2ms)[0m  [1mSELECT "movies".* FROM "movies" WHERE "movies"."rating" IN ('G', 'R', 'PG-13', 'PG')[0m
  Rendered movies/index.html.haml within layouts/application (4.3ms)
Completed 200 OK in 16ms (Views: 14.5ms | ActiveRecord: 0.4ms)


Started GET "/movies/1" for 127.0.0.1 at 2017-07-24 22:15:05 +0200
Processing by MoviesController#show as HTML
  Parameters: {"id"=>"1"}
  [1m[35mMovie Load (0.2ms)[0m  SELECT  "movies".* FROM "movies" WHERE "movies"."id" = ? LIMIT 1  [["id", 1]]
  Rendered movies/show.html.haml within layouts/application (3.4ms)
Completed 200 OK in 18ms (Views: 12.8ms | ActiveRecord: 0.2ms)


Started POST "/movies/search_tmdb" for 127.0.0.1 at 2017-07-24 22:15:08 +0200
Processing by MoviesController#search_tmdb as HTML
  Parameters: {"utf8"=>"✓", "authenticity_token"=>"DVyFw3RV/wQ9hyPMFrmS8r5qeee0wnEtHxi4288Fi0lunfB0dSfCgZHvv02/V3xD4ccWODaSgKgZQVAFbYv0Ag==", "search_terms"=>"", "commit"=>"Search TMDb"}
Completed 500 Internal Server Error in 17ms (ActiveRecord: 0.0ms)

NoMethodError (undefined method `find_in_tmdb' for #<Class:0x000000028f5f00>
Did you mean?  find_in_batches):
  app/controllers/movies_controller.rb:89:in `search_tmdb'


  Rendered /home/sergio/.rvm/gems/ruby-2.3.0/gems/actionpack-4.2.6/lib/action_dispatch/middleware/templates/rescues/_source.erb (4.6ms)
  Rendered /home/sergio/.rvm/gems/ruby-2.3.0/gems/actionpack-4.2.6/lib/action_dispatch/middleware/templates/rescues/_trace.html.erb (1.9ms)
  Rendered /home/sergio/.rvm/gems/ruby-2.3.0/gems/actionpack-4.2.6/lib/action_dispatch/middleware/templates/rescues/_request_and_response.html.erb (0.9ms)
  Rendered /home/sergio/.rvm/gems/ruby-2.3.0/gems/actionpack-4.2.6/lib/action_dispatch/middleware/templates/rescues/diagnostics.html.erb within rescues/layout (18.1ms)
  Rendered /home/sergio/.rvm/gems/ruby-2.3.0/gems/web-console-2.3.0/lib/web_console/templates/_markup.html.erb (0.6ms)
  Rendered /home/sergio/.rvm/gems/ruby-2.3.0/gems/web-console-2.3.0/lib/web_console/templates/_inner_console_markup.html.erb within layouts/inlined_string (0.2ms)
  Rendered /home/sergio/.rvm/gems/ruby-2.3.0/gems/web-console-2.3.0/lib/web_console/templates/_prompt_box_markup.html.erb within layouts/inlined_string (0.5ms)
  Rendered /home/sergio/.rvm/gems/ruby-2.3.0/gems/web-console-2.3.0/lib/web_console/templates/style.css.erb within layouts/inlined_string (0.2ms)
  Rendered /home/sergio/.rvm/gems/ruby-2.3.0/gems/web-console-2.3.0/lib/web_console/templates/console.js.erb within layouts/javascript (13.0ms)
  Rendered /home/sergio/.rvm/gems/ruby-2.3.0/gems/web-console-2.3.0/lib/web_console/templates/main.js.erb within layouts/javascript (0.2ms)
  Rendered /home/sergio/.rvm/gems/ruby-2.3.0/gems/web-console-2.3.0/lib/web_console/templates/error_page.js.erb within layouts/javascript (0.2ms)
  Rendered /home/sergio/.rvm/gems/ruby-2.3.0/gems/web-console-2.3.0/lib/web_console/templates/index.html.erb (25.1ms)


Started GET "/" for 127.0.0.1 at 2017-07-25 21:31:07 +0200
  [1m[36mActiveRecord::SchemaMigration Load (0.1ms)[0m  [1mSELECT "schema_migrations".* FROM "schema_migrations"[0m
Processing by MoviesController#index as HTML
  [1m[35mMovie Load (0.2ms)[0m  SELECT DISTINCT "movies"."rating" FROM "movies"
Redirected to http://localhost:3000/movies?ratings%5BG%5D=1&ratings%5BPG%5D=1&ratings%5BPG-13%5D=1&ratings%5BR%5D=1
Completed 302 Found in 13ms (ActiveRecord: 0.4ms)


Started GET "/movies?ratings%5BG%5D=1&ratings%5BPG%5D=1&ratings%5BPG-13%5D=1&ratings%5BR%5D=1" for 127.0.0.1 at 2017-07-25 21:31:07 +0200
Processing by MoviesController#index as HTML
  Parameters: {"ratings"=>{"G"=>"1", "PG"=>"1", "PG-13"=>"1", "R"=>"1"}}
  [1m[36mMovie Load (0.2ms)[0m  [1mSELECT DISTINCT "movies"."rating" FROM "movies"[0m
  [1m[35mMovie Load (0.2ms)[0m  SELECT "movies".* FROM "movies" WHERE "movies"."rating" IN ('G', 'PG', 'PG-13', 'R')
  Rendered movies/index.html.haml within layouts/application (6.9ms)
Completed 200 OK in 185ms (Views: 183.6ms | ActiveRecord: 0.4ms)


Started GET "/movies?asc=true&order_by=title" for 127.0.0.1 at 2017-07-25 21:31:13 +0200
Processing by MoviesController#index as HTML
  Parameters: {"asc"=>"true", "order_by"=>"title"}
  [1m[36mMovie Load (0.3ms)[0m  [1mSELECT DISTINCT "movies"."rating" FROM "movies"[0m
Redirected to http://localhost:3000/movies?order_by=title&ratings%5BG%5D=1&ratings%5BPG%5D=1&ratings%5BPG-13%5D=1&ratings%5BR%5D=1
Completed 302 Found in 3ms (ActiveRecord: 0.3ms)


Started GET "/movies?order_by=title&ratings%5BG%5D=1&ratings%5BPG%5D=1&ratings%5BPG-13%5D=1&ratings%5BR%5D=1" for 127.0.0.1 at 2017-07-25 21:31:13 +0200
Processing by MoviesController#index as HTML
  Parameters: {"order_by"=>"title", "ratings"=>{"G"=>"1", "PG"=>"1", "PG-13"=>"1", "R"=>"1"}}
  [1m[35mMovie Load (0.2ms)[0m  SELECT DISTINCT "movies"."rating" FROM "movies"
  [1m[36mMovie Load (0.3ms)[0m  [1mSELECT "movies".* FROM "movies" WHERE "movies"."rating" IN ('G', 'PG', 'PG-13', 'R')  ORDER BY title asc[0m
  Rendered movies/index.html.haml within layouts/application (6.7ms)
Completed 200 OK in 17ms (Views: 15.2ms | ActiveRecord: 0.5ms)


Started GET "/movies?asc=true&order_by=title" for 127.0.0.1 at 2017-07-25 21:31:15 +0200
Processing by MoviesController#index as HTML
  Parameters: {"asc"=>"true", "order_by"=>"title"}
  [1m[35mMovie Load (0.5ms)[0m  SELECT DISTINCT "movies"."rating" FROM "movies"
Redirected to http://localhost:3000/movies?order_by=title&ratings%5BG%5D=1&ratings%5BPG%5D=1&ratings%5BPG-13%5D=1&ratings%5BR%5D=1
Completed 302 Found in 3ms (ActiveRecord: 0.5ms)


Started GET "/movies?order_by=title&ratings%5BG%5D=1&ratings%5BPG%5D=1&ratings%5BPG-13%5D=1&ratings%5BR%5D=1" for 127.0.0.1 at 2017-07-25 21:31:15 +0200
Processing by MoviesController#index as HTML
  Parameters: {"order_by"=>"title", "ratings"=>{"G"=>"1", "PG"=>"1", "PG-13"=>"1", "R"=>"1"}}
  [1m[36mMovie Load (0.2ms)[0m  [1mSELECT DISTINCT "movies"."rating" FROM "movies"[0m
  [1m[35mMovie Load (0.2ms)[0m  SELECT "movies".* FROM "movies" WHERE "movies"."rating" IN ('G', 'PG', 'PG-13', 'R')  ORDER BY title asc
  Rendered movies/index.html.haml within layouts/application (3.4ms)
Completed 200 OK in 13ms (Views: 11.9ms | ActiveRecord: 0.4ms)


Started GET "/movies?asc=true&order_by=title" for 127.0.0.1 at 2017-07-25 21:31:16 +0200
Processing by MoviesController#index as HTML
  Parameters: {"asc"=>"true", "order_by"=>"title"}
  [1m[36mMovie Load (0.2ms)[0m  [1mSELECT DISTINCT "movies"."rating" FROM "movies"[0m
Redirected to http://localhost:3000/movies?order_by=title&ratings%5BG%5D=1&ratings%5BPG%5D=1&ratings%5BPG-13%5D=1&ratings%5BR%5D=1
Completed 302 Found in 2ms (ActiveRecord: 0.2ms)


Started GET "/movies?order_by=title&ratings%5BG%5D=1&ratings%5BPG%5D=1&ratings%5BPG-13%5D=1&ratings%5BR%5D=1" for 127.0.0.1 at 2017-07-25 21:31:16 +0200
Processing by MoviesController#index as HTML
  Parameters: {"order_by"=>"title", "ratings"=>{"G"=>"1", "PG"=>"1", "PG-13"=>"1", "R"=>"1"}}
  [1m[35mMovie Load (0.1ms)[0m  SELECT DISTINCT "movies"."rating" FROM "movies"
  [1m[36mMovie Load (0.2ms)[0m  [1mSELECT "movies".* FROM "movies" WHERE "movies"."rating" IN ('G', 'PG', 'PG-13', 'R')  ORDER BY title asc[0m
  Rendered movies/index.html.haml within layouts/application (3.6ms)
Completed 200 OK in 12ms (Views: 10.7ms | ActiveRecord: 0.3ms)


Started GET "/movies?utf8=%E2%9C%93&ratings%5BG%5D=1&ratings%5BR%5D=1&ratings%5BPG-13%5D=1&ratings%5BPG%5D=1&commit=Refresh" for 127.0.0.1 at 2017-07-25 21:31:17 +0200
Processing by MoviesController#index as HTML
  Parameters: {"utf8"=>"✓", "ratings"=>{"G"=>"1", "R"=>"1", "PG-13"=>"1", "PG"=>"1"}, "commit"=>"Refresh"}
  [1m[35mMovie Load (0.2ms)[0m  SELECT DISTINCT "movies"."rating" FROM "movies"
  [1m[36mMovie Load (0.2ms)[0m  [1mSELECT "movies".* FROM "movies" WHERE "movies"."rating" IN ('G', 'R', 'PG-13', 'PG')[0m
  Rendered movies/index.html.haml within layouts/application (3.5ms)
Completed 200 OK in 12ms (Views: 11.1ms | ActiveRecord: 0.4ms)


Started POST "/movies/search_tmdb" for 127.0.0.1 at 2017-07-25 21:31:30 +0200
Processing by MoviesController#search_tmdb as HTML
  Parameters: {"utf8"=>"✓", "authenticity_token"=>"+++m8s88tmQVGsS2XtsEifU9+C9jv8TR7ZUcf9JjOcGYLtNFzk6L4blyWDf3Neo4qpCX8OHvNVTrzPShcO1Gig==", "search_terms"=>"1", "commit"=>"Search TMDb"}
Redirected to http://localhost:3000/movies
Completed 302 Found in 1ms (ActiveRecord: 0.0ms)


Started GET "/movies" for 127.0.0.1 at 2017-07-25 21:31:30 +0200
Processing by MoviesController#index as HTML
  [1m[35mMovie Load (0.2ms)[0m  SELECT DISTINCT "movies"."rating" FROM "movies"
Redirected to http://localhost:3000/movies?order_by=title&ratings%5BG%5D=1&ratings%5BPG%5D=1&ratings%5BPG-13%5D=1&ratings%5BR%5D=1
Completed 302 Found in 1ms (ActiveRecord: 0.2ms)


Started GET "/movies?order_by=title&ratings%5BG%5D=1&ratings%5BPG%5D=1&ratings%5BPG-13%5D=1&ratings%5BR%5D=1" for 127.0.0.1 at 2017-07-25 21:31:30 +0200
Processing by MoviesController#index as HTML
  Parameters: {"order_by"=>"title", "ratings"=>{"G"=>"1", "PG"=>"1", "PG-13"=>"1", "R"=>"1"}}
  [1m[36mMovie Load (0.2ms)[0m  [1mSELECT DISTINCT "movies"."rating" FROM "movies"[0m
  [1m[35mMovie Load (0.3ms)[0m  SELECT "movies".* FROM "movies" WHERE "movies"."rating" IN ('G', 'PG', 'PG-13', 'R')  ORDER BY title asc
  Rendered movies/index.html.haml within layouts/application (3.2ms)
Completed 200 OK in 13ms (Views: 11.3ms | ActiveRecord: 0.4ms)


Started GET "/" for 127.0.0.1 at 2017-07-31 16:07:04 +0200
  [1m[36mActiveRecord::SchemaMigration Load (0.1ms)[0m  [1mSELECT "schema_migrations".* FROM "schema_migrations"[0m
Processing by MoviesController#index as HTML
  [1m[35mMovie Load (0.1ms)[0m  SELECT DISTINCT "movies"."rating" FROM "movies"
  [1m[36mMovie Load (0.2ms)[0m  [1mSELECT "movies".* FROM "movies"  ORDER BY title asc[0m
  Rendered movies/index.html.haml within layouts/application (10.6ms)
Completed 200 OK in 197ms (Views: 186.2ms | ActiveRecord: 0.5ms)


Started GET "/assets/default.self-e82978ef49ea698764a1b1110d0a45fd55b9c768494902d3d9ee6fe7658e51e0.css?body=1" for 127.0.0.1 at 2017-07-31 16:07:04 +0200


Started GET "/assets/application.self-e80e8f2318043e8af94dddc2adad5a4f09739a8ebb323b3ab31cd71d45fd9113.css?body=1" for 127.0.0.1 at 2017-07-31 16:07:04 +0200


Started GET "/assets/jquery_ujs.self-e87806d0cf4489aeb1bb7288016024e8de67fd18db693fe026fe3907581e53cd.js?body=1" for 127.0.0.1 at 2017-07-31 16:07:04 +0200


Started GET "/assets/jquery.self-660adc51e0224b731d29f575a6f1ec167ba08ad06ed5deca4f1e8654c135bf4c.js?body=1" for 127.0.0.1 at 2017-07-31 16:07:04 +0200


Started GET "/assets/turbolinks.self-c37727e9bd6b2735da5c311aa83fead54ed0be6cc8bd9a65309e9c5abe2cbfff.js?body=1" for 127.0.0.1 at 2017-07-31 16:07:04 +0200


Started GET "/assets/application.self-3b8dabdc891efe46b9a144b400ad69e37d7e5876bdc39dee783419a69d7ca819.js?body=1" for 127.0.0.1 at 2017-07-31 16:07:04 +0200


Started GET "/" for 127.0.0.1 at 2017-07-31 16:07:13 +0200
Processing by MoviesController#index as HTML
  [1m[35mMovie Load (0.2ms)[0m  SELECT DISTINCT "movies"."rating" FROM "movies"
  [1m[36mMovie Load (0.1ms)[0m  [1mSELECT "movies".* FROM "movies"  ORDER BY title asc[0m
  Rendered movies/index.html.haml within layouts/application (2.7ms)
Completed 200 OK in 11ms (Views: 10.2ms | ActiveRecord: 0.3ms)
